0 silly argv {
0 silly argv   _: [ 'version' ],
0 silly argv   lernaVersion: '6.5.1',
0 silly argv   '$0': 'C:\\Users\\chenwei\\AppData\\Roaming\\npm\\node_modules\\lerna\\dist\\cli.js'
0 silly argv }
1 notice cli v6.5.1
2 verbose rootPath D:\慕课web前端架构师2022\project\mooc-cli-learn\mooc-cli-dev
3 info current version 0.0.0
4 silly isAnythingCommitted
5 verbose isAnythingCommitted 1
6 silly getCurrentBranch
7 verbose currentBranch master
8 silly remoteBranchExists
9 silly isBehindUpstream
10 silly isBehindUpstream master is behind origin/master by 0 commit(s) and ahead by 0
11 silly hasTags
12 verbose hasTags false
13 info Assuming all packages changed
14 verbose updated @mod-cli-dev/core
15 verbose updated @mod-cli-dev/utils
16 verbose git-describe undefined => "169bd1c"
17 silly git-describe parsed => {"refCount":"1","sha":"169bd1c","isDirty":false}
18 info execute Skipping releases
19 silly lifecycle No script for "preversion" in "mod-cli-dev", continuing
20 silly lifecycle No script for "preversion" in "@mod-cli-dev/utils", continuing
21 verbose version @mod-cli-dev/utils has no lockfile. Skipping lockfile update.
22 silly lifecycle No script for "version" in "@mod-cli-dev/utils", continuing
23 silly lifecycle No script for "preversion" in "@mod-cli-dev/core", continuing
24 verbose version @mod-cli-dev/core has no lockfile. Skipping lockfile update.
25 silly lifecycle No script for "version" in "@mod-cli-dev/core", continuing
26 verbose version Updating root package-lock.json
27 silly lifecycle No script for "version" in "mod-cli-dev", continuing
28 silly gitAdd [
28 silly gitAdd   'packages/utils/package.json',
28 silly gitAdd   'packages/core/package.json',
28 silly gitAdd   'lerna.json',
28 silly gitAdd   'package-lock.json'
28 silly gitAdd ]
29 error Error: Command failed with exit code 1: git add -- packages/utils/package.json packages/core/package.json lerna.json package-lock.json
29 error warning: LF will be replaced by CRLF in lerna.json.
29 error The file will have its original line endings in your working directory
29 error warning: LF will be replaced by CRLF in packages/core/package.json.
29 error The file will have its original line endings in your working directory
29 error warning: LF will be replaced by CRLF in packages/utils/package.json.
29 error The file will have its original line endings in your working directory
29 error The following paths are ignored by one of your .gitignore files:
29 error package-lock.json
29 error hint: Use -f if you really want to add them.
29 error hint: Turn this message off by running
29 error hint: "git config advice.addIgnoredFile false"
29 error     at makeError (D:\慕课web前端架构师2022\project\mooc-cli-learn\mooc-cli-dev\node_modules\execa\lib\error.js:59:11)
29 error     at handlePromise (D:\慕课web前端架构师2022\project\mooc-cli-learn\mooc-cli-dev\node_modules\execa\index.js:114:26)
29 error     at process.processTicksAndRejections (node:internal/process/task_queues:95:5)
29 error     at async Promise.all (index 0)
